<?xml version="1.0" encoding="UTF-8"?>
<!-- Generated by org.testng.reporters.JUnitXMLReporter -->
<testsuite hostname="AluMalu" ignored="0" name="Default test" tests="3" failures="0" timestamp="2020-09-03T20:59:29 EDT" time="23.173" errors="0">
  <testcase name="blankPasswordValidation" time="0.149" classname="com.syntax.test.HwTest"/>
  <testcase name="blankUsernameAndPasswordValidation" time="0.096" classname="com.syntax.test.HwTest"/>
  <testcase name="invalidPasswordValidation" time="0.995" classname="com.syntax.test.HwTest"/>
</testsuite> <!-- Default test -->
